# JRE version: Java(TM) SE Runtime Environment (23.0.2+7) (build 23.0.2+7-58)
# Java VM: Java HotSpot(TM) 64-Bit Server VM (23.0.2+7-58, mixed mode, sharing, tiered, compressed oops, compressed class ptrs, g1 gc, windows-amd64)
GC Precious Log:
 CardTable entry size: 512
 Card Set container configuration: InlinePtr #cards 5 size 8 Array Of Cards #cards 10 size 36 Howl #buckets 4 coarsen threshold 1843 Howl Bitmap #cards 512 size 80 coarsen threshold 460 Card regions per heap region 1 cards per card region 2048
 CPUs: 2 total, 2 available
 Memory: 8140M
 Large Page Support: Disabled
 NUMA Support: Disabled
 Compressed Oops: Enabled (32-bit)
 Heap Region Size: 1M
 Heap Min Capacity: 8M
 Heap Initial Capacity: 128M
 Heap Max Capacity: 2036M
 Pre-touch: Disabled
 Parallel Workers: 2
 Concurrent Workers: 1
 Concurrent Refinement Workers: 2
 Periodic GC: Disabled
Heap:
 garbage-first heap   total reserved 2084864K, committed 131072K, used 6740K [0x0000000080c00000, 0x0000000100000000)
  region size 1024K, 4 young (4096K), 2 survivors (2048K)
 Metaspace       used 12461K, committed 12736K, reserved 1114112K
  class space    used 1521K, committed 1664K, reserved 1048576K
GC Heap History (6 events):
Event: 0.606 GC heap before
{Heap before GC invocations=0 (full 0):
 garbage-first heap   total reserved 2084864K, committed 131072K, used 6144K [0x0000000080c00000, 0x0000000100000000)
  region size 1024K, 7 young (7168K), 0 survivors (0K)
 Metaspace       used 3249K, committed 3328K, reserved 1114112K
  class space    used 359K, committed 384K, reserved 1048576K
}
Event: 0.619 GC heap after
{Heap after GC invocations=1 (full 0):
 garbage-first heap   total reserved 2084864K, committed 131072K, used 2752K [0x0000000080c00000, 0x0000000100000000)
  region size 1024K, 1 young (1024K), 1 survivors (1024K)
 Metaspace       used 3249K, committed 3328K, reserved 1114112K
  class space    used 359K, committed 384K, reserved 1048576K
}
Event: 0.967 GC heap before
{Heap before GC invocations=1 (full 0):
 garbage-first heap   total reserved 2084864K, committed 131072K, used 8896K [0x0000000080c00000, 0x0000000100000000)
  region size 1024K, 7 young (7168K), 1 survivors (1024K)
 Metaspace       used 5363K, committed 5504K, reserved 1114112K
  class space    used 706K, committed 768K, reserved 1048576K
}
Event: 0.970 GC heap after
{Heap after GC invocations=2 (full 0):
 garbage-first heap   total reserved 2084864K, committed 131072K, used 3760K [0x0000000080c00000, 0x0000000100000000)
  region size 1024K, 1 young (1024K), 1 survivors (1024K)
 Metaspace       used 5363K, committed 5504K, reserved 1114112K
  class space    used 706K, committed 768K, reserved 1048576K
}
Event: 14.868 GC heap before
{Heap before GC invocations=2 (full 0):
 garbage-first heap   total reserved 2084864K, committed 131072K, used 17072K [0x0000000080c00000, 0x0000000100000000)
  region size 1024K, 15 young (15360K), 1 survivors (1024K)
 Metaspace       used 11966K, committed 12224K, reserved 1114112K
  class space    used 1479K, committed 1600K, reserved 1048576K
}
Event: 14.875 GC heap after
{Heap after GC invocations=3 (full 0):
 garbage-first heap   total reserved 2084864K, committed 131072K, used 6740K [0x0000000080c00000, 0x0000000100000000)
  region size 1024K, 2 young (2048K), 2 survivors (2048K)
 Metaspace       used 11966K, committed 12224K, reserved 1114112K
  class space    used 1479K, committed 1600K, reserved 1048576K
}

